-------------------------------------------------------------------------------
Test set: edu.kit.pse17.go_app.ClientCommunication.Upstream.UserRestControllerTest
-------------------------------------------------------------------------------
Tests run: 1, Failures: 0, Errors: 1, Skipped: 0, Time elapsed: 0.002 sec <<< FAILURE! - in edu.kit.pse17.go_app.ClientCommunication.Upstream.UserRestControllerTest
edu.kit.pse17.go_app.ClientCommunication.Upstream.UserRestControllerTest  Time elapsed: 0.001 sec  <<< ERROR!
java.lang.NoSuchMethodError: edu.kit.pse17.go_app.PersistenceLayer.GoEntity.<init>(Ledu/kit/pse17/go_app/PersistenceLayer/GroupEntity;Ledu/kit/pse17/go_app/PersistenceLayer/UserEntity;Ljava/lang/String;Ljava/lang/String;Ljava/util/Date;Ljava/util/Date;DD)V
	at edu.kit.pse17.go_app.ClientCommunication.Upstream.UserRestControllerTest.setUpTestclass(UserRestControllerTest.java:37)

