-------------------------------------------------------------------------------
Test set: edu.kit.pse17.go_app.ServiceLayer.GoServiceTest
-------------------------------------------------------------------------------
Tests run: 6, Failures: 0, Errors: 6, Skipped: 0, Time elapsed: 0.043 sec <<< FAILURE! - in edu.kit.pse17.go_app.ServiceLayer.GoServiceTest
getGoByIdTest(edu.kit.pse17.go_app.ServiceLayer.GoServiceTest)  Time elapsed: 0.007 sec  <<< ERROR!
java.lang.NoSuchMethodError: edu.kit.pse17.go_app.PersistenceLayer.GoEntity.<init>(Ledu/kit/pse17/go_app/PersistenceLayer/GroupEntity;Ledu/kit/pse17/go_app/PersistenceLayer/UserEntity;Ljava/lang/String;Ljava/lang/String;Ljava/util/Date;Ljava/util/Date;DD)V
	at edu.kit.pse17.go_app.ServiceLayer.GoServiceTest.setUp(GoServiceTest.java:35)

editGoForJsonTest(edu.kit.pse17.go_app.ServiceLayer.GoServiceTest)  Time elapsed: 0.007 sec  <<< ERROR!
java.lang.NoSuchMethodError: edu.kit.pse17.go_app.PersistenceLayer.GoEntity.<init>(Ledu/kit/pse17/go_app/PersistenceLayer/GroupEntity;Ledu/kit/pse17/go_app/PersistenceLayer/UserEntity;Ljava/lang/String;Ljava/lang/String;Ljava/util/Date;Ljava/util/Date;DD)V
	at edu.kit.pse17.go_app.ServiceLayer.GoServiceTest.setUp(GoServiceTest.java:35)

updateTest(edu.kit.pse17.go_app.ServiceLayer.GoServiceTest)  Time elapsed: 0.007 sec  <<< ERROR!
java.lang.NoSuchMethodError: edu.kit.pse17.go_app.PersistenceLayer.GoEntity.<init>(Ledu/kit/pse17/go_app/PersistenceLayer/GroupEntity;Ledu/kit/pse17/go_app/PersistenceLayer/UserEntity;Ljava/lang/String;Ljava/lang/String;Ljava/util/Date;Ljava/util/Date;DD)V
	at edu.kit.pse17.go_app.ServiceLayer.GoServiceTest.setUp(GoServiceTest.java:35)

changeStatusTest(edu.kit.pse17.go_app.ServiceLayer.GoServiceTest)  Time elapsed: 0.006 sec  <<< ERROR!
java.lang.NoSuchMethodError: edu.kit.pse17.go_app.PersistenceLayer.GoEntity.<init>(Ledu/kit/pse17/go_app/PersistenceLayer/GroupEntity;Ledu/kit/pse17/go_app/PersistenceLayer/UserEntity;Ljava/lang/String;Ljava/lang/String;Ljava/util/Date;Ljava/util/Date;DD)V
	at edu.kit.pse17.go_app.ServiceLayer.GoServiceTest.setUp(GoServiceTest.java:35)

createGoTest(edu.kit.pse17.go_app.ServiceLayer.GoServiceTest)  Time elapsed: 0.007 sec  <<< ERROR!
java.lang.NoSuchMethodError: edu.kit.pse17.go_app.PersistenceLayer.GoEntity.<init>(Ledu/kit/pse17/go_app/PersistenceLayer/GroupEntity;Ledu/kit/pse17/go_app/PersistenceLayer/UserEntity;Ljava/lang/String;Ljava/lang/String;Ljava/util/Date;Ljava/util/Date;DD)V
	at edu.kit.pse17.go_app.ServiceLayer.GoServiceTest.setUp(GoServiceTest.java:35)

deleteTest(edu.kit.pse17.go_app.ServiceLayer.GoServiceTest)  Time elapsed: 0.007 sec  <<< ERROR!
java.lang.NoSuchMethodError: edu.kit.pse17.go_app.PersistenceLayer.GoEntity.<init>(Ledu/kit/pse17/go_app/PersistenceLayer/GroupEntity;Ledu/kit/pse17/go_app/PersistenceLayer/UserEntity;Ljava/lang/String;Ljava/lang/String;Ljava/util/Date;Ljava/util/Date;DD)V
	at edu.kit.pse17.go_app.ServiceLayer.GoServiceTest.setUp(GoServiceTest.java:35)

